<?xml version="1.0" encoding="UTF-8"?>
<!-- Generated by org.testng.reporters.JUnitReportReporter -->
<testsuite hostname="DESKTOP-8P6A1RO" name="Projects.seleniumTest.TestLogin" tests="5" failures="0" timestamp="23 Mar 2021 10:43:05 GMT" time="18.497" errors="0">
  <testcase name="enterUserPwdTest" time="0.159" classname="Projects.seleniumTest.TestLogin"/>
  <testcase name="verifyLoginTitleTest" time="6.290" classname="Projects.seleniumTest.TestLogin"/>
  <testcase name="setup" time="11.655" classname="Projects.seleniumTest.TestLogin"/>
  <testcase name="clickLoginbtnTest" time="0.192" classname="Projects.seleniumTest.TestLogin"/>
  <testcase name="enterUserNameTest" time="0.201" classname="Projects.seleniumTest.TestLogin"/>
</testsuite> <!-- Projects.seleniumTest.TestLogin -->
