<?xml version="1.0" encoding="UTF-8"?>
<!-- Generated by org.testng.reporters.JUnitReportReporter -->
<testsuite hostname="DESKTOP-8P6A1RO" name="Projects.seleniumTest.TestRegistration" tests="2" failures="0" timestamp="11 Apr 2021 12:15:58 GMT" time="32.015" errors="0">
  <testcase name="userDetails" time="15.488" classname="Projects.seleniumTest.TestRegistration"/>
  <testcase name="userDetails" time="16.527" classname="Projects.seleniumTest.TestRegistration"/>
</testsuite> <!-- Projects.seleniumTest.TestRegistration -->
