<?xml version="1.0" encoding="UTF-8"?>
<!-- Generated by org.testng.reporters.JUnitReportReporter -->
<testsuite hostname="DESKTOP-8P6A1RO" name="Projects.seleniumTest.NewTest" tests="1" failures="0" timestamp="16 Mar 2021 05:31:41 GMT" time="3.286" errors="0">
  <testcase name="launchBrowser" time="3.286" classname="Projects.seleniumTest.NewTest"/>
</testsuite> <!-- Projects.seleniumTest.NewTest -->
